<?xml version="1.0" encoding="UTF-8"?>
<robot generator="Robot 6.1.1 (Python 3.10.7 on win32)" generated="20240222 16:35:05.538" rpa="false" schemaversion="4">
<suite id="s1" name="POSTRequest" source="C:\Users\Yesdok\Downloads\LearningAutomation\PreTestAssessment\Assessment 1\Assessment 1\API Test\POSTRequest.robot">
<test id="s1-t1" name="POST Request User" line="9">
<kw name="Create Dictionary" library="BuiltIn">
<var>${req_body}</var>
<arg>name=morpheus</arg>
<arg>job=leader</arg>
<doc>Creates and returns a dictionary based on the given ``items``.</doc>
<msg timestamp="20240222 16:35:05.820" level="INFO">${req_body} = {'name': 'morpheus', 'job': 'leader'}</msg>
<status status="PASS" starttime="20240222 16:35:05.820" endtime="20240222 16:35:05.835"/>
</kw>
<kw name="POST" library="RequestsLibrary">
<var>${response}</var>
<arg>${base_url}</arg>
<arg>json=${req_body}</arg>
<arg>expected_status=201</arg>
<doc>Sends a POST request.</doc>
<msg timestamp="20240222 16:35:06.493" level="INFO">POST Request : url=https://reqres.in/api/users 
 path_url=/api/users 
 headers={'User-Agent': 'python-requests/2.31.0', 'Accept-Encoding': 'gzip, deflate', 'Accept': '*/*', 'Connection': 'keep-alive', 'Content-Length': '37', 'Content-Type': 'application/json'} 
 body=b'{"name": "morpheus", "job": "leader"}' 
 </msg>
<msg timestamp="20240222 16:35:06.493" level="INFO">POST Response : url=https://reqres.in/api/users 
 status=201, reason=Created 
 headers={'Date': 'Thu, 22 Feb 2024 09:35:06 GMT', 'Content-Type': 'application/json; charset=utf-8', 'Content-Length': '84', 'Connection': 'keep-alive', 'Report-To': '{"group":"heroku-nel","max_age":3600,"endpoints":[{"url":"https://nel.heroku.com/reports?ts=1708594506&amp;sid=c4c9725f-1ab0-44d8-820f-430df2718e11&amp;s=vmCQ%2FkcuQrvRa5%2FaaNV7nay8x6X%2B9GvOd0T7beCJu5Q%3D"}]}', 'Reporting-Endpoints': 'heroku-nel=https://nel.heroku.com/reports?ts=1708594506&amp;sid=c4c9725f-1ab0-44d8-820f-430df2718e11&amp;s=vmCQ%2FkcuQrvRa5%2FaaNV7nay8x6X%2B9GvOd0T7beCJu5Q%3D', 'Nel': '{"report_to":"heroku-nel","max_age":3600,"success_fraction":0.005,"failure_fraction":0.05,"response_headers":["Via"]}', 'X-Powered-By': 'Express', 'Access-Control-Allow-Origin': '*', 'Etag': 'W/"54-GchceO90+nh/4DK3T/E2cw8aAN4"', 'Via': '1.1 vegur', 'CF-Cache-Status': 'DYNAMIC', 'Server': 'cloudflare', 'CF-RAY': '85963cb1acf0a089-SIN'} 
 body={"name":"morpheus","job":"leader","id":"390","createdAt":"2024-02-22T09:35:06.765Z"} 
 </msg>
<msg timestamp="20240222 16:35:06.503" level="INFO">${response} = &lt;Response [201]&gt;</msg>
<status status="PASS" starttime="20240222 16:35:05.835" endtime="20240222 16:35:06.503"/>
</kw>
<kw name="Log" library="BuiltIn">
<arg>${response.json()}</arg>
<doc>Logs the given message with the given level.</doc>
<msg timestamp="20240222 16:35:06.503" level="INFO">{'name': 'morpheus', 'job': 'leader', 'id': '390', 'createdAt': '2024-02-22T09:35:06.765Z'}</msg>
<status status="PASS" starttime="20240222 16:35:06.503" endtime="20240222 16:35:06.503"/>
</kw>
<kw name="Status Should Be" library="RequestsLibrary">
<arg>201</arg>
<doc>Fails if response status code is different than the expected.</doc>
<status status="PASS" starttime="20240222 16:35:06.503" endtime="20240222 16:35:06.503"/>
</kw>
<status status="PASS" starttime="20240222 16:35:05.820" endtime="20240222 16:35:06.503"/>
</test>
<status status="PASS" starttime="20240222 16:35:05.538" endtime="20240222 16:35:06.503"/>
</suite>
<statistics>
<total>
<stat pass="1" fail="0" skip="0">All Tests</stat>
</total>
<tag>
</tag>
<suite>
<stat pass="1" fail="0" skip="0" id="s1" name="POSTRequest">POSTRequest</stat>
</suite>
</statistics>
<errors>
</errors>
</robot>
